<?xml version="1.0" encoding="UTF-8"?>
<testsuite xmlns:xsi="http://www.w3.org/2001/XMLSchema-instance" xsi:noNamespaceSchemaLocation="https://maven.apache.org/surefire/maven-surefire-plugin/xsd/surefire-test-report.xsd" name="runnerTest.RunnerTest" time="23.578" tests="1" errors="1" skipped="0" failures="0">
  <properties>
[...]
</properties>
  <testcase name="Flipkart moblile order validation test" classname="Flipkart home page" time="22.113">
    <error message="/ by zero" type="java.lang.ArithmeticException">java.lang.ArithmeticException: / by zero
</error>
    <system-out><![CDATA[Navigation success
Online Shopping Site for Mobiles, Electronics, Furniture, Grocery, Lifestyle, Books & More. Best Offers!
Samsung Galaxy F41 (Fusion Blue, 128 GB)
Capturing details....
Samsung Galaxy F41 (Fusion Blue, 128 GB)  (6 GB RAM)
?17,999
]]></system-out>
    <system-err><![CDATA[1605789149800	mozrunner::runner	INFO	Running command: "C:\\Program Files\\Mozilla Firefox\\firefox.exe" "-marionette" "-foreground" "-no-remote" "-profile" "C:\\Users\\Arun\\AppData\\Local\\Temp\\rust_mozprofile6XbG7x"
Can't find symbol 'eglSwapBuffersWithDamageEXT'.
JavaScript error: resource://gre/modules/XULStore.jsm, line 66: Error: Can't find profile directory.
console.error: SearchCache: "_readCacheFile: Error reading cache file:" (new Error("", "(unknown module)"))
1605789154892	Marionette	INFO	Listening on port 53163
1605789155131	Marionette	WARN	TLS certificate errors will be ignored for this session
Nov 19, 2020 6:02:35 PM org.openqa.selenium.remote.ProtocolHandshake createSession
INFO: Detected dialect: W3C
JavaScript error: , line 0: TypeError: NetworkError when attempting to fetch resource.
aaaSamsung - Buy Products Online at Best Price in India - All Categories | Flipkart.com
JavaScript error: , line 0: TypeError: NetworkError when attempting to fetch resource.
bbbSamsung - Buy Products Online at Best Price in India - All Categories | Flipkart.com
cccSamsung Galaxy F41 ( 128 GB Storage, 6 GB RAM ) Online at Best Price On Flipkart.com
]]></system-err>
  </testcase>
</testsuite>